[12/31/2019 07:23:50] INFO [OmniDB_app.Init:318] Starting OmniDB websocket...
[12/31/2019 07:23:50] INFO [OmniDB_app.Init:320] Checking port availability...
[12/31/2019 07:23:50] INFO [OmniDB_app.Init:342] Starting websocket server at port 25482.
[12/31/2019 07:23:50] INFO [OmniDB_app.QueryServer:656] *** Starting OmniDB ***
[12/31/2019 07:23:50] INFO [OmniDB_app.Init:253] Starting OmniDB server...
[12/31/2019 07:23:50] INFO [OmniDB_app.Init:255] Checking port availability...
[12/31/2019 07:23:50] INFO [OmniDB_app.Init:289] Starting server OmniDB 2.17.0 at 0.0.0.0:8080.
[12/31/2019 07:24:56] INFO [OmniDB_app.Init:318] Starting OmniDB websocket...
[12/31/2019 07:24:56] INFO [OmniDB_app.Init:320] Checking port availability...
[12/31/2019 07:24:56] INFO [OmniDB_app.Init:342] Starting websocket server at port 25482.
[12/31/2019 07:24:56] INFO [OmniDB_app.QueryServer:656] *** Starting OmniDB ***
[12/31/2019 07:24:56] INFO [OmniDB_app.Init:253] Starting OmniDB server...
[12/31/2019 07:24:56] INFO [OmniDB_app.Init:255] Checking port availability...
[12/31/2019 07:24:56] INFO [OmniDB_app.Init:289] Starting server OmniDB 2.17.0 at 0.0.0.0:8080.
[12/31/2019 07:28:31] INFO [OmniDB_app.Init:318] Starting OmniDB websocket...
[12/31/2019 07:28:31] INFO [OmniDB_app.Init:320] Checking port availability...
[12/31/2019 07:28:31] INFO [OmniDB_app.Init:342] Starting websocket server at port 25482.
[12/31/2019 07:28:31] INFO [OmniDB_app.QueryServer:656] *** Starting OmniDB ***
[12/31/2019 07:28:31] INFO [OmniDB_app.Init:253] Starting OmniDB server...
[12/31/2019 07:28:31] INFO [OmniDB_app.Init:255] Checking port availability...
[12/31/2019 07:28:31] INFO [OmniDB_app.Init:289] Starting server OmniDB 2.17.0 at 0.0.0.0:8080.
[12/31/2019 07:33:56] INFO [OmniDB_app.Init:318] Starting OmniDB websocket...
[12/31/2019 07:33:56] INFO [OmniDB_app.Init:320] Checking port availability...
[12/31/2019 07:33:56] INFO [OmniDB_app.Init:342] Starting websocket server at port 25482.
[12/31/2019 07:33:56] INFO [OmniDB_app.QueryServer:656] *** Starting OmniDB ***
[12/31/2019 07:33:56] INFO [OmniDB_app.Init:253] Starting OmniDB server...
[12/31/2019 07:33:56] INFO [OmniDB_app.Init:255] Checking port availability...
[12/31/2019 07:33:56] INFO [OmniDB_app.Init:289] Starting server OmniDB 2.17.0 at 0.0.0.0:8080.
[12/31/2019 07:36:19] INFO [OmniDB_app.views.login:204] User "admin" logged in.
